<?xml version="1.0" encoding="UTF-8"?>
<testsuite xmlns:xsi="http://www.w3.org/2001/XMLSchema-instance" xsi:noNamespaceSchemaLocation="https://maven.apache.org/surefire/maven-surefire-plugin/xsd/surefire-test-report-3.0.xsd" version="3.0" name="com.example.demo.HeThongThongMinhApplicationTests" time="15.193" tests="1" errors="0" skipped="0" failures="0">
  <properties>
[...]
</properties>
  <testcase name="contextLoads" classname="com.example.demo.HeThongThongMinhApplicationTests" time="2.812">
    <system-out><![CDATA[17:12:47.253 [main] INFO org.springframework.test.context.support.AnnotationConfigContextLoaderUtils -- Could not detect default configuration classes for test class [com.example.demo.HeThongThongMinhApplicationTests]: HeThongThongMinhApplicationTests does not declare any static, non-private, non-final, nested classes annotated with @Configuration.
17:12:47.583 [main] INFO org.springframework.boot.test.context.SpringBootTestContextBootstrapper -- Found @SpringBootConfiguration com.example.demo.HeThongThongMinhApplication for test class com.example.demo.HeThongThongMinhApplicationTests

  .   ____          _            __ _ _
 /\\ / ___'_ __ _ _(_)_ __  __ _ \ \ \ \
( ( )\___ | '_ | '_| | '_ \/ _` | \ \ \ \
 \\/  ___)| |_)| | | | | || (_| |  ) ) ) )
  '  |____| .__|_| |_|_| |_\__, | / / / /
 =========|_|==============|___/=/_/_/_/
 :: Spring Boot ::                (v3.1.4)

2023-10-24T17:12:48.988+07:00  WARN 7784 --- [           main] ory$DuplicateJsonObjectContextCustomizer : 

Found multiple occurrences of org.json.JSONObject on the class path:

	jar:file:/C:/Users/s1mple/.m2/repository/com/vaadin/external/google/android-json/0.0.20131108.vaadin1/android-json-0.0.20131108.vaadin1.jar!/org/json/JSONObject.class
	jar:file:/C:/Users/s1mple/.m2/repository/org/json/json/20231013/json-20231013.jar!/org/json/JSONObject.class

You may wish to exclude one of them to ensure predictable runtime behavior

2023-10-24T17:12:49.090+07:00  INFO 7784 --- [           main] c.e.d.HeThongThongMinhApplicationTests   : Starting HeThongThongMinhApplicationTests using Java 18.0.2.1 with PID 7784 (started by s1mple in C:\Users\s1mple\eclipse-workspace\HeThongThongMinh)
2023-10-24T17:12:49.096+07:00  INFO 7784 --- [           main] c.e.d.HeThongThongMinhApplicationTests   : No active profile set, falling back to 1 default profile: "default"
2023-10-24T17:12:51.139+07:00  INFO 7784 --- [           main] .s.d.r.c.RepositoryConfigurationDelegate : Bootstrapping Spring Data JDBC repositories in DEFAULT mode.
2023-10-24T17:12:51.213+07:00  INFO 7784 --- [           main] .s.d.r.c.RepositoryConfigurationDelegate : Finished Spring Data repository scanning in 56 ms. Found 0 JDBC repository interfaces.
2023-10-24T17:12:51.600+07:00  INFO 7784 --- [           main] faultConfiguringBeanFactoryPostProcessor : No bean named 'errorChannel' has been explicitly defined. Therefore, a default PublishSubscribeChannel will be created.
2023-10-24T17:12:51.628+07:00  INFO 7784 --- [           main] faultConfiguringBeanFactoryPostProcessor : No bean named 'integrationHeaderChannelRegistry' has been explicitly defined. Therefore, a default DefaultHeaderChannelRegistry will be created.
2023-10-24T17:12:55.197+07:00  INFO 7784 --- [           main] o.s.b.a.w.s.WelcomePageHandlerMapping    : Adding welcome page: class path resource [static/index.html]
2023-10-24T17:12:55.723+07:00  WARN 7784 --- [           main] ion$DefaultTemplateResolverConfiguration : Cannot find template location: classpath:/templates/ (please add some templates, check your Thymeleaf configuration, or set spring.thymeleaf.check-template-location=false)
2023-10-24T17:12:55.919+07:00  INFO 7784 --- [           main] com.zaxxer.hikari.HikariDataSource       : HikariPool-1 - Starting...
2023-10-24T17:12:57.579+07:00  INFO 7784 --- [           main] com.zaxxer.hikari.pool.HikariPool        : HikariPool-1 - Added connection com.mysql.cj.jdbc.ConnectionImpl@4243341e
2023-10-24T17:12:57.594+07:00  INFO 7784 --- [           main] com.zaxxer.hikari.HikariDataSource       : HikariPool-1 - Start completed.
2023-10-24T17:12:59.011+07:00  INFO 7784 --- [           main] o.s.i.endpoint.EventDrivenConsumer       : Adding {logging-channel-adapter:_org.springframework.integration.errorLogger} as a subscriber to the 'errorChannel' channel
2023-10-24T17:12:59.012+07:00  INFO 7784 --- [           main] o.s.i.channel.PublishSubscribeChannel    : Channel 'application.errorChannel' has 1 subscriber(s).
2023-10-24T17:12:59.014+07:00  INFO 7784 --- [           main] o.s.i.endpoint.EventDrivenConsumer       : started bean '_org.springframework.integration.errorLogger'
2023-10-24T17:12:59.015+07:00  INFO 7784 --- [           main] o.s.m.s.b.SimpleBrokerMessageHandler     : Starting...
2023-10-24T17:12:59.022+07:00  INFO 7784 --- [           main] o.s.m.s.b.SimpleBrokerMessageHandler     : BrokerAvailabilityEvent[available=true, SimpleBrokerMessageHandler [org.springframework.messaging.simp.broker.DefaultSubscriptionRegistry@177ddd24]]
2023-10-24T17:12:59.025+07:00  INFO 7784 --- [           main] o.s.m.s.b.SimpleBrokerMessageHandler     : Started.
2023-10-24T17:12:59.054+07:00  INFO 7784 --- [           main] c.e.d.HeThongThongMinhApplicationTests   : Started HeThongThongMinhApplicationTests in 10.942 seconds (process running for 13.715)
]]></system-out>
  </testcase>
</testsuite>